# JRE version: Java(TM) SE Runtime Environment (17.0.8+9) (build 17.0.8+9-LTS-211)
# Java VM: Java HotSpot(TM) 64-Bit Server VM (17.0.8+9-LTS-211, mixed mode, sharing, tiered, compressed oops, compressed class ptrs, g1 gc, windows-amd64)
GC Precious Log:
 CPUs: 16 total, 16 available
 Memory: 7860M
 Large Page Support: Disabled
 NUMA Support: Disabled
 Compressed Oops: Enabled (32-bit)
 Heap Region Size: 1M
 Heap Min Capacity: 8M
 Heap Initial Capacity: 124M
 Heap Max Capacity: 1966M
 Pre-touch: Disabled
 Parallel Workers: 13
 Concurrent Workers: 3
 Concurrent Refinement Workers: 13
 Periodic GC: Disabled
Heap:
 garbage-first heap   total 306176K, used 273408K [0x0000000085200000, 0x0000000100000000)
  region size 1024K, 3 young (3072K), 2 survivors (2048K)
 Metaspace       used 11975K, committed 12160K, reserved 1114112K
  class space    used 1245K, committed 1344K, reserved 1048576K
GC Heap History (20 events):
Event: 230.817 GC heap before
{Heap before GC invocations=37 (full 0):
 garbage-first heap   total 306176K, used 245665K [0x0000000085200000, 0x0000000100000000)
  region size 1024K, 47 young (48128K), 7 survivors (7168K)
 Metaspace       used 11975K, committed 12160K, reserved 1114112K
  class space    used 1245K, committed 1344K, reserved 1048576K
}
Event: 230.825 GC heap after
{Heap after GC invocations=38 (full 0):
 garbage-first heap   total 306176K, used 218629K [0x0000000085200000, 0x0000000100000000)
  region size 1024K, 6 young (6144K), 6 survivors (6144K)
 Metaspace       used 11975K, committed 12160K, reserved 1114112K
  class space    used 1245K, committed 1344K, reserved 1048576K
}
Event: 238.400 GC heap before
{Heap before GC invocations=38 (full 0):
 garbage-first heap   total 306176K, used 250373K [0x0000000085200000, 0x0000000100000000)
  region size 1024K, 37 young (37888K), 6 survivors (6144K)
 Metaspace       used 11975K, committed 12160K, reserved 1114112K
  class space    used 1245K, committed 1344K, reserved 1048576K
}
Event: 238.412 GC heap after
{Heap after GC invocations=39 (full 0):
 garbage-first heap   total 306176K, used 229376K [0x0000000085200000, 0x0000000100000000)
  region size 1024K, 5 young (5120K), 5 survivors (5120K)
 Metaspace       used 11975K, committed 12160K, reserved 1114112K
  class space    used 1245K, committed 1344K, reserved 1048576K
}
Event: 244.179 GC heap before
{Heap before GC invocations=39 (full 0):
 garbage-first heap   total 306176K, used 254976K [0x0000000085200000, 0x0000000100000000)
  region size 1024K, 30 young (30720K), 5 survivors (5120K)
 Metaspace       used 11975K, committed 12160K, reserved 1114112K
  class space    used 1245K, committed 1344K, reserved 1048576K
}
Event: 244.185 GC heap after
{Heap after GC invocations=40 (full 0):
 garbage-first heap   total 306176K, used 238560K [0x0000000085200000, 0x0000000100000000)
  region size 1024K, 4 young (4096K), 4 survivors (4096K)
 Metaspace       used 11975K, committed 12160K, reserved 1114112K
  class space    used 1245K, committed 1344K, reserved 1048576K
}
Event: 248.873 GC heap before
{Heap before GC invocations=40 (full 0):
 garbage-first heap   total 306176K, used 259040K [0x0000000085200000, 0x0000000100000000)
  region size 1024K, 24 young (24576K), 4 survivors (4096K)
 Metaspace       used 11975K, committed 12160K, reserved 1114112K
  class space    used 1245K, committed 1344K, reserved 1048576K
}
Event: 248.880 GC heap after
{Heap after GC invocations=41 (full 0):
 garbage-first heap   total 306176K, used 245579K [0x0000000085200000, 0x0000000100000000)
  region size 1024K, 3 young (3072K), 3 survivors (3072K)
 Metaspace       used 11975K, committed 12160K, reserved 1114112K
  class space    used 1245K, committed 1344K, reserved 1048576K
}
Event: 252.530 GC heap before
{Heap before GC invocations=41 (full 0):
 garbage-first heap   total 306176K, used 261963K [0x0000000085200000, 0x0000000100000000)
  region size 1024K, 19 young (19456K), 3 survivors (3072K)
 Metaspace       used 11975K, committed 12160K, reserved 1114112K
  class space    used 1245K, committed 1344K, reserved 1048576K
}
Event: 252.536 GC heap after
{Heap after GC invocations=42 (full 0):
 garbage-first heap   total 306176K, used 251566K [0x0000000085200000, 0x0000000100000000)
  region size 1024K, 3 young (3072K), 3 survivors (3072K)
 Metaspace       used 11975K, committed 12160K, reserved 1114112K
  class space    used 1245K, committed 1344K, reserved 1048576K
}
Event: 255.352 GC heap before
{Heap before GC invocations=42 (full 0):
 garbage-first heap   total 306176K, used 264878K [0x0000000085200000, 0x0000000100000000)
  region size 1024K, 16 young (16384K), 3 survivors (3072K)
 Metaspace       used 11975K, committed 12160K, reserved 1114112K
  class space    used 1245K, committed 1344K, reserved 1048576K
}
Event: 255.356 GC heap after
{Heap after GC invocations=43 (full 0):
 garbage-first heap   total 306176K, used 256338K [0x0000000085200000, 0x0000000100000000)
  region size 1024K, 2 young (2048K), 2 survivors (2048K)
 Metaspace       used 11975K, committed 12160K, reserved 1114112K
  class space    used 1245K, committed 1344K, reserved 1048576K
}
Event: 258.092 GC heap before
{Heap before GC invocations=43 (full 0):
 garbage-first heap   total 306176K, used 268626K [0x0000000085200000, 0x0000000100000000)
  region size 1024K, 14 young (14336K), 2 survivors (2048K)
 Metaspace       used 11975K, committed 12160K, reserved 1114112K
  class space    used 1245K, committed 1344K, reserved 1048576K
}
Event: 258.096 GC heap after
{Heap after GC invocations=44 (full 0):
 garbage-first heap   total 306176K, used 260560K [0x0000000085200000, 0x0000000100000000)
  region size 1024K, 2 young (2048K), 2 survivors (2048K)
 Metaspace       used 11975K, committed 12160K, reserved 1114112K
  class space    used 1245K, committed 1344K, reserved 1048576K
}
Event: 261.929 GC heap before
{Heap before GC invocations=44 (full 0):
 garbage-first heap   total 306176K, used 272848K [0x0000000085200000, 0x0000000100000000)
  region size 1024K, 14 young (14336K), 2 survivors (2048K)
 Metaspace       used 11975K, committed 12160K, reserved 1114112K
  class space    used 1245K, committed 1344K, reserved 1048576K
}
Event: 261.932 GC heap after
{Heap after GC invocations=45 (full 0):
 garbage-first heap   total 306176K, used 264805K [0x0000000085200000, 0x0000000100000000)
  region size 1024K, 2 young (2048K), 2 survivors (2048K)
 Metaspace       used 11975K, committed 12160K, reserved 1114112K
  class space    used 1245K, committed 1344K, reserved 1048576K
}
Event: 264.920 GC heap before
{Heap before GC invocations=45 (full 0):
 garbage-first heap   total 306176K, used 277093K [0x0000000085200000, 0x0000000100000000)
  region size 1024K, 14 young (14336K), 2 survivors (2048K)
 Metaspace       used 11975K, committed 12160K, reserved 1114112K
  class space    used 1245K, committed 1344K, reserved 1048576K
}
Event: 264.924 GC heap after
{Heap after GC invocations=46 (full 0):
 garbage-first heap   total 306176K, used 269199K [0x0000000085200000, 0x0000000100000000)
  region size 1024K, 2 young (2048K), 2 survivors (2048K)
 Metaspace       used 11975K, committed 12160K, reserved 1114112K
  class space    used 1245K, committed 1344K, reserved 1048576K
}
Event: 268.127 GC heap before
{Heap before GC invocations=46 (full 0):
 garbage-first heap   total 306176K, used 281487K [0x0000000085200000, 0x0000000100000000)
  region size 1024K, 14 young (14336K), 2 survivors (2048K)
 Metaspace       used 11975K, committed 12160K, reserved 1114112K
  class space    used 1245K, committed 1344K, reserved 1048576K
}
Event: 268.132 GC heap after
{Heap after GC invocations=47 (full 0):
 garbage-first heap   total 306176K, used 273408K [0x0000000085200000, 0x0000000100000000)
  region size 1024K, 2 young (2048K), 2 survivors (2048K)
 Metaspace       used 11975K, committed 12160K, reserved 1114112K
  class space    used 1245K, committed 1344K, reserved 1048576K
}

